c:\dev\projects\vulkan learn\vulkantutorial\vulkantutorial\x64\debug\vc142.pdb
c:\dev\projects\vulkan learn\vulkantutorial\vulkantutorial\x64\debug\vc142.idb
c:\dev\projects\vulkan learn\vulkantutorial\vulkantutorial\x64\debug\lve_swap_chain.obj
c:\dev\projects\vulkan learn\vulkantutorial\vulkantutorial\x64\debug\lve_device.obj
c:\dev\projects\vulkan learn\vulkantutorial\vulkantutorial\x64\debug\main.obj
c:\dev\projects\vulkan learn\vulkantutorial\vulkantutorial\x64\debug\lve_window.obj
c:\dev\projects\vulkan learn\vulkantutorial\vulkantutorial\x64\debug\lve_pipeline.obj
c:\dev\projects\vulkan learn\vulkantutorial\vulkantutorial\x64\debug\first_app.obj
c:\dev\projects\vulkan learn\vulkantutorial\vulkantutorial\shaders\simple_shader.frag.spv
c:\dev\projects\vulkan learn\vulkantutorial\vulkantutorial\shaders\simple_shader.vert.spv
c:\dev\projects\vulkan learn\vulkantutorial\vulkantutorial\x64\debug\vulkantutorial.ilk
c:\dev\projects\vulkan learn\vulkantutorial\x64\debug\vulkantutorial.exe
c:\dev\projects\vulkan learn\vulkantutorial\x64\debug\vulkantutorial.pdb
c:\dev\projects\vulkan learn\vulkantutorial\vulkantutorial\x64\debug\vulkantutorial.tlog\cl.command.1.tlog
c:\dev\projects\vulkan learn\vulkantutorial\vulkantutorial\x64\debug\vulkantutorial.tlog\cl.read.1.tlog
c:\dev\projects\vulkan learn\vulkantutorial\vulkantutorial\x64\debug\vulkantutorial.tlog\cl.write.1.tlog
c:\dev\projects\vulkan learn\vulkantutorial\vulkantutorial\x64\debug\vulkantutorial.tlog\custombuildstep.read.1u.tlog
c:\dev\projects\vulkan learn\vulkantutorial\vulkantutorial\x64\debug\vulkantutorial.tlog\custombuildstep.write.1u.tlog
c:\dev\projects\vulkan learn\vulkantutorial\vulkantutorial\x64\debug\vulkantutorial.tlog\link.command.1.tlog
c:\dev\projects\vulkan learn\vulkantutorial\vulkantutorial\x64\debug\vulkantutorial.tlog\link.read.1.tlog
c:\dev\projects\vulkan learn\vulkantutorial\vulkantutorial\x64\debug\vulkantutorial.tlog\link.write.1.tlog
